<?xml version="1.0" encoding="UTF-8"?>
<testsuite name="com.yechan2468.springboot.web.dto.HelloResponseDtoTest" tests="1" skipped="0" failures="0" errors="0" timestamp="2022-05-31T07:41:56" hostname="acer" time="0.003">
  <properties/>
  <testcase name="lombok_function_test" classname="com.yechan2468.springboot.web.dto.HelloResponseDtoTest" time="0.003"/>
  <system-out><![CDATA[]]></system-out>
  <system-err><![CDATA[]]></system-err>
</testsuite>
