<?xml version="1.0" encoding="UTF-8"?>
<testsuite name="com.yechan2468.springboot.web.PostsApiControllerTest" tests="2" skipped="0" failures="0" errors="0" timestamp="2022-05-24T05:08:44" hostname="acer" time="0.354">
  <properties/>
  <testcase name="update_posts" classname="com.yechan2468.springboot.web.PostsApiControllerTest" time="0.317"/>
  <testcase name="register_posts" classname="com.yechan2468.springboot.web.PostsApiControllerTest" time="0.036"/>
  <system-out><![CDATA[2022-05-24 14:08:44.211  INFO 3912 --- [    Test worker] .b.t.c.SpringBootTestContextBootstrapper : Neither @ContextConfiguration nor @ContextHierarchy found for test class [com.yechan2468.springboot.web.PostsApiControllerTest], using SpringBootContextLoader
2022-05-24 14:08:44.218  INFO 3912 --- [    Test worker] o.s.t.c.support.AbstractContextLoader    : Could not detect default resource locations for test class [com.yechan2468.springboot.web.PostsApiControllerTest]: no resource found for suffixes {-context.xml, Context.groovy}.
2022-05-24 14:08:44.218  INFO 3912 --- [    Test worker] t.c.s.AnnotationConfigContextLoaderUtils : Could not detect default configuration classes for test class [com.yechan2468.springboot.web.PostsApiControllerTest]: PostsApiControllerTest does not declare any static, non-private, non-final, nested classes annotated with @Configuration.
2022-05-24 14:08:44.222  INFO 3912 --- [    Test worker] .b.t.c.SpringBootTestContextBootstrapper : Found @SpringBootConfiguration com.yechan2468.springboot.Application for test class com.yechan2468.springboot.web.PostsApiControllerTest
2022-05-24 14:08:44.224  INFO 3912 --- [    Test worker] .b.t.c.SpringBootTestContextBootstrapper : Loaded default TestExecutionListener class names from location [META-INF/spring.factories]: [org.springframework.boot.test.autoconfigure.restdocs.RestDocsTestExecutionListener, org.springframework.boot.test.autoconfigure.web.client.MockRestServiceServerResetTestExecutionListener, org.springframework.boot.test.autoconfigure.web.servlet.MockMvcPrintOnlyOnFailureTestExecutionListener, org.springframework.boot.test.autoconfigure.web.servlet.WebDriverTestExecutionListener, org.springframework.boot.test.mock.mockito.MockitoTestExecutionListener, org.springframework.boot.test.mock.mockito.ResetMocksTestExecutionListener, org.springframework.test.context.web.ServletTestExecutionListener, org.springframework.test.context.support.DirtiesContextBeforeModesTestExecutionListener, org.springframework.test.context.support.DependencyInjectionTestExecutionListener, org.springframework.test.context.support.DirtiesContextTestExecutionListener, org.springframework.test.context.transaction.TransactionalTestExecutionListener, org.springframework.test.context.jdbc.SqlScriptsTestExecutionListener]
2022-05-24 14:08:44.225  INFO 3912 --- [    Test worker] .b.t.c.SpringBootTestContextBootstrapper : Using TestExecutionListeners: [org.springframework.test.context.web.ServletTestExecutionListener@2f731776, org.springframework.test.context.support.DirtiesContextBeforeModesTestExecutionListener@3dfb6950, org.springframework.boot.test.mock.mockito.MockitoTestExecutionListener@79511049, org.springframework.boot.test.autoconfigure.SpringBootDependencyInjectionTestExecutionListener@1cb99b80, org.springframework.test.context.support.DirtiesContextTestExecutionListener@2b46f7c6, org.springframework.test.context.transaction.TransactionalTestExecutionListener@4d91aa17, org.springframework.test.context.jdbc.SqlScriptsTestExecutionListener@3c3328b4, org.springframework.boot.test.autoconfigure.restdocs.RestDocsTestExecutionListener@6c86d129, org.springframework.boot.test.autoconfigure.web.client.MockRestServiceServerResetTestExecutionListener@7062f3b8, org.springframework.boot.test.autoconfigure.web.servlet.MockMvcPrintOnlyOnFailureTestExecutionListener@30633eb1, org.springframework.boot.test.autoconfigure.web.servlet.WebDriverTestExecutionListener@15b0c681, org.springframework.boot.test.mock.mockito.ResetMocksTestExecutionListener@4f654287]
Hibernate: insert into posts (created_date, modified_date, author, content, title) values (?, ?, ?, ?, ?)
Hibernate: select posts0_.id as id1_0_0_, posts0_.created_date as created_2_0_0_, posts0_.modified_date as modified3_0_0_, posts0_.author as author4_0_0_, posts0_.content as content5_0_0_, posts0_.title as title6_0_0_ from posts posts0_ where posts0_.id=?
Hibernate: update posts set created_date=?, modified_date=?, author=?, content=?, title=? where id=?
Hibernate: select posts0_.id as id1_0_, posts0_.created_date as created_2_0_, posts0_.modified_date as modified3_0_, posts0_.author as author4_0_, posts0_.content as content5_0_, posts0_.title as title6_0_ from posts posts0_
Hibernate: select posts0_.id as id1_0_, posts0_.created_date as created_2_0_, posts0_.modified_date as modified3_0_, posts0_.author as author4_0_, posts0_.content as content5_0_, posts0_.title as title6_0_ from posts posts0_
Hibernate: delete from posts where id=?
Hibernate: insert into posts (created_date, modified_date, author, content, title) values (?, ?, ?, ?, ?)
Hibernate: select posts0_.id as id1_0_, posts0_.created_date as created_2_0_, posts0_.modified_date as modified3_0_, posts0_.author as author4_0_, posts0_.content as content5_0_, posts0_.title as title6_0_ from posts posts0_
Hibernate: select posts0_.id as id1_0_, posts0_.created_date as created_2_0_, posts0_.modified_date as modified3_0_, posts0_.author as author4_0_, posts0_.content as content5_0_, posts0_.title as title6_0_ from posts posts0_
Hibernate: delete from posts where id=?
]]></system-out>
  <system-err><![CDATA[]]></system-err>
</testsuite>
