<?xml version="1.0" encoding="UTF-8"?>
<testsuite name="com.yechan2468.springboot.domain.posts.PostsRepositoryTest" tests="2" skipped="0" failures="0" errors="0" timestamp="2022-05-31T07:41:56" hostname="acer" time="0.27">
  <properties/>
  <testcase name="register_BaseTimeEntity" classname="com.yechan2468.springboot.domain.posts.PostsRepositoryTest" time="0.254"/>
  <testcase name="load_submit_post" classname="com.yechan2468.springboot.domain.posts.PostsRepositoryTest" time="0.015"/>
  <system-out><![CDATA[2022-05-31 16:41:50.579  INFO 18124 --- [    Test worker] .b.t.c.SpringBootTestContextBootstrapper : Neither @ContextConfiguration nor @ContextHierarchy found for test class [com.yechan2468.springboot.domain.posts.PostsRepositoryTest], using SpringBootContextLoader
2022-05-31 16:41:50.580  INFO 18124 --- [    Test worker] o.s.t.c.support.AbstractContextLoader    : Could not detect default resource locations for test class [com.yechan2468.springboot.domain.posts.PostsRepositoryTest]: no resource found for suffixes {-context.xml, Context.groovy}.
2022-05-31 16:41:50.580  INFO 18124 --- [    Test worker] t.c.s.AnnotationConfigContextLoaderUtils : Could not detect default configuration classes for test class [com.yechan2468.springboot.domain.posts.PostsRepositoryTest]: PostsRepositoryTest does not declare any static, non-private, non-final, nested classes annotated with @Configuration.
2022-05-31 16:41:50.591  INFO 18124 --- [    Test worker] .b.t.c.SpringBootTestContextBootstrapper : Found @SpringBootConfiguration com.yechan2468.springboot.Application for test class com.yechan2468.springboot.domain.posts.PostsRepositoryTest
2022-05-31 16:41:50.593  INFO 18124 --- [    Test worker] .b.t.c.SpringBootTestContextBootstrapper : Loaded default TestExecutionListener class names from location [META-INF/spring.factories]: [org.springframework.security.test.context.support.WithSecurityContextTestExecutionListener, org.springframework.security.test.context.support.ReactorContextTestExecutionListener, org.springframework.boot.test.autoconfigure.restdocs.RestDocsTestExecutionListener, org.springframework.boot.test.autoconfigure.web.client.MockRestServiceServerResetTestExecutionListener, org.springframework.boot.test.autoconfigure.web.servlet.MockMvcPrintOnlyOnFailureTestExecutionListener, org.springframework.boot.test.autoconfigure.web.servlet.WebDriverTestExecutionListener, org.springframework.boot.test.mock.mockito.MockitoTestExecutionListener, org.springframework.boot.test.mock.mockito.ResetMocksTestExecutionListener, org.springframework.test.context.web.ServletTestExecutionListener, org.springframework.test.context.support.DirtiesContextBeforeModesTestExecutionListener, org.springframework.test.context.support.DependencyInjectionTestExecutionListener, org.springframework.test.context.support.DirtiesContextTestExecutionListener, org.springframework.test.context.transaction.TransactionalTestExecutionListener, org.springframework.test.context.jdbc.SqlScriptsTestExecutionListener]
2022-05-31 16:41:50.594  INFO 18124 --- [    Test worker] .b.t.c.SpringBootTestContextBootstrapper : Using TestExecutionListeners: [org.springframework.test.context.web.ServletTestExecutionListener@5571bdeb, org.springframework.test.context.support.DirtiesContextBeforeModesTestExecutionListener@ffb9544, org.springframework.boot.test.mock.mockito.MockitoTestExecutionListener@3bf0ab49, org.springframework.boot.test.autoconfigure.SpringBootDependencyInjectionTestExecutionListener@7aa90576, org.springframework.test.context.support.DirtiesContextTestExecutionListener@226f612d, org.springframework.test.context.transaction.TransactionalTestExecutionListener@71ed9191, org.springframework.test.context.jdbc.SqlScriptsTestExecutionListener@4f79d606, org.springframework.security.test.context.support.WithSecurityContextTestExecutionListener@7d49e82a, org.springframework.security.test.context.support.ReactorContextTestExecutionListener@24f698a7, org.springframework.boot.test.autoconfigure.restdocs.RestDocsTestExecutionListener@398ae4b1, org.springframework.boot.test.autoconfigure.web.client.MockRestServiceServerResetTestExecutionListener@38c2cc60, org.springframework.boot.test.autoconfigure.web.servlet.MockMvcPrintOnlyOnFailureTestExecutionListener@a786bea, org.springframework.boot.test.autoconfigure.web.servlet.WebDriverTestExecutionListener@1adbf9a2, org.springframework.boot.test.mock.mockito.ResetMocksTestExecutionListener@741a2924]

  .   ____          _            __ _ _
 /\\ / ___'_ __ _ _(_)_ __  __ _ \ \ \ \
( ( )\___ | '_ | '_| | '_ \/ _` | \ \ \ \
 \\/  ___)| |_)| | | | | || (_| |  ) ) ) )
  '  |____| .__|_| |_|_| |_\__, | / / / /
 =========|_|==============|___/=/_/_/_/
 :: Spring Boot ::        (v2.1.7.RELEASE)

2022-05-31 16:41:50.620  INFO 18124 --- [    Test worker] c.y.s.domain.posts.PostsRepositoryTest   : Starting PostsRepositoryTest on acer with PID 18124 (started by 이예찬 in C:\yechan\code\IdeaProjects\spring-boot-practice)
2022-05-31 16:41:50.620  INFO 18124 --- [    Test worker] c.y.s.domain.posts.PostsRepositoryTest   : No active profile set, falling back to default profiles: default
2022-05-31 16:41:51.156  INFO 18124 --- [    Test worker] .s.d.r.c.RepositoryConfigurationDelegate : Bootstrapping Spring Data repositories in DEFAULT mode.
2022-05-31 16:41:51.245  INFO 18124 --- [    Test worker] .s.d.r.c.RepositoryConfigurationDelegate : Finished Spring Data repository scanning in 77ms. Found 2 repository interfaces.
2022-05-31 16:41:51.594  INFO 18124 --- [    Test worker] trationDelegate$BeanPostProcessorChecker : Bean 'org.springframework.transaction.annotation.ProxyTransactionManagementConfiguration' of type [org.springframework.transaction.annotation.ProxyTransactionManagementConfiguration$$EnhancerBySpringCGLIB$$4820345f] is not eligible for getting processed by all BeanPostProcessors (for example: not eligible for auto-proxying)
2022-05-31 16:41:51.820  INFO 18124 --- [    Test worker] com.zaxxer.hikari.HikariDataSource       : HikariPool-1 - Starting...
2022-05-31 16:41:52.094  INFO 18124 --- [    Test worker] com.zaxxer.hikari.HikariDataSource       : HikariPool-1 - Start completed.
2022-05-31 16:41:52.247  INFO 18124 --- [    Test worker] o.hibernate.jpa.internal.util.LogHelper  : HHH000204: Processing PersistenceUnitInfo [
	name: default
	...]
2022-05-31 16:41:52.378  INFO 18124 --- [    Test worker] org.hibernate.Version                    : HHH000412: Hibernate Core {5.3.10.Final}
2022-05-31 16:41:52.381  INFO 18124 --- [    Test worker] org.hibernate.cfg.Environment            : HHH000206: hibernate.properties not found
2022-05-31 16:41:52.463  INFO 18124 --- [    Test worker] o.hibernate.annotations.common.Version   : HCANN000001: Hibernate Commons Annotations {5.0.4.Final}
2022-05-31 16:41:52.701  INFO 18124 --- [    Test worker] org.hibernate.dialect.Dialect            : HHH000400: Using dialect: org.hibernate.dialect.MySQL5InnoDBDialect
Hibernate: drop table if exists posts
Hibernate: drop table if exists user
Hibernate: create table posts (id bigint not null auto_increment, created_date datetime, modified_date datetime, author varchar(255), content TEXT not null, title varchar(550) not null, primary key (id)) engine=InnoDB
Hibernate: create table user (id bigint not null auto_increment, created_date datetime, modified_date datetime, email varchar(255) not null, name varchar(255) not null, picture varchar(255), role varchar(255) not null, primary key (id)) engine=InnoDB
2022-05-31 16:41:53.785  INFO 18124 --- [    Test worker] o.h.t.schema.internal.SchemaCreatorImpl  : HHH000476: Executing import script 'org.hibernate.tool.schema.internal.exec.ScriptSourceInputNonExistentImpl@4407452'
2022-05-31 16:41:53.789  INFO 18124 --- [    Test worker] j.LocalContainerEntityManagerFactoryBean : Initialized JPA EntityManagerFactory for persistence unit 'default'
2022-05-31 16:41:54.524  INFO 18124 --- [    Test worker] o.h.h.i.QueryTranslatorFactoryInitiator  : HHH000397: Using ASTQueryTranslatorFactory
2022-05-31 16:41:55.007  INFO 18124 --- [    Test worker] o.s.s.web.DefaultSecurityFilterChain     : Creating filter chain: any request, [org.springframework.security.web.context.request.async.WebAsyncManagerIntegrationFilter@cd8bd5, org.springframework.security.web.context.SecurityContextPersistenceFilter@6b6395c4, org.springframework.security.web.header.HeaderWriterFilter@4df1d025, org.springframework.security.web.authentication.logout.LogoutFilter@50eaf310, org.springframework.security.oauth2.client.web.OAuth2AuthorizationRequestRedirectFilter@79389efa, org.springframework.security.oauth2.client.web.OAuth2LoginAuthenticationFilter@2910be38, org.springframework.security.web.authentication.ui.DefaultLoginPageGeneratingFilter@27d08f9b, org.springframework.security.web.authentication.ui.DefaultLogoutPageGeneratingFilter@c6e88fe, org.springframework.security.web.savedrequest.RequestCacheAwareFilter@50747957, org.springframework.security.web.servletapi.SecurityContextHolderAwareRequestFilter@1347fb84, org.springframework.security.web.authentication.AnonymousAuthenticationFilter@20231635, org.springframework.security.web.session.SessionManagementFilter@428ec5a2, org.springframework.security.web.access.ExceptionTranslationFilter@31c14da2, org.springframework.security.web.access.intercept.FilterSecurityInterceptor@1855f246]
2022-05-31 16:41:55.539  INFO 18124 --- [    Test worker] o.s.s.concurrent.ThreadPoolTaskExecutor  : Initializing ExecutorService 'applicationTaskExecutor'
2022-05-31 16:41:55.562  WARN 18124 --- [    Test worker] aWebConfiguration$JpaWebMvcConfiguration : spring.jpa.open-in-view is enabled by default. Therefore, database queries may be performed during view rendering. Explicitly configure spring.jpa.open-in-view to disable this warning
2022-05-31 16:41:55.616  INFO 18124 --- [    Test worker] o.s.b.a.w.s.WelcomePageHandlerMapping    : Adding welcome page template: index
2022-05-31 16:41:56.347  INFO 18124 --- [    Test worker] s.a.ScheduledAnnotationBeanPostProcessor : No TaskScheduler/ScheduledExecutorService bean found for scheduled processing
2022-05-31 16:41:56.360  INFO 18124 --- [    Test worker] c.y.s.domain.posts.PostsRepositoryTest   : Started PostsRepositoryTest in 5.764 seconds (JVM running for 10.563)
Hibernate: insert into posts (created_date, modified_date, author, content, title) values (?, ?, ?, ?, ?)
Hibernate: select posts0_.id as id1_0_, posts0_.created_date as created_2_0_, posts0_.modified_date as modified3_0_, posts0_.author as author4_0_, posts0_.content as content5_0_, posts0_.title as title6_0_ from posts posts0_
Hibernate: select posts0_.id as id1_0_, posts0_.created_date as created_2_0_, posts0_.modified_date as modified3_0_, posts0_.author as author4_0_, posts0_.content as content5_0_, posts0_.title as title6_0_ from posts posts0_
Hibernate: delete from posts where id=?
Hibernate: insert into posts (created_date, modified_date, author, content, title) values (?, ?, ?, ?, ?)
Hibernate: select posts0_.id as id1_0_, posts0_.created_date as created_2_0_, posts0_.modified_date as modified3_0_, posts0_.author as author4_0_, posts0_.content as content5_0_, posts0_.title as title6_0_ from posts posts0_
Hibernate: select posts0_.id as id1_0_, posts0_.created_date as created_2_0_, posts0_.modified_date as modified3_0_, posts0_.author as author4_0_, posts0_.content as content5_0_, posts0_.title as title6_0_ from posts posts0_
Hibernate: delete from posts where id=?
]]></system-out>
  <system-err><![CDATA[]]></system-err>
</testsuite>
