<?xml version="1.0" encoding="UTF-8"?>
<testsuite name="com.yechan2468.springboot.web.IndexControllerTest" tests="1" skipped="0" failures="0" errors="0" timestamp="2022-05-31T07:41:59" hostname="acer" time="0.25">
  <properties/>
  <testcase name="load_main_page" classname="com.yechan2468.springboot.web.IndexControllerTest" time="0.25"/>
  <system-out><![CDATA[2022-05-31 16:41:56.648  INFO 18124 --- [    Test worker] .b.t.c.SpringBootTestContextBootstrapper : Neither @ContextConfiguration nor @ContextHierarchy found for test class [com.yechan2468.springboot.web.IndexControllerTest], using SpringBootContextLoader
2022-05-31 16:41:56.649  INFO 18124 --- [    Test worker] o.s.t.c.support.AbstractContextLoader    : Could not detect default resource locations for test class [com.yechan2468.springboot.web.IndexControllerTest]: no resource found for suffixes {-context.xml, Context.groovy}.
2022-05-31 16:41:56.650  INFO 18124 --- [    Test worker] t.c.s.AnnotationConfigContextLoaderUtils : Could not detect default configuration classes for test class [com.yechan2468.springboot.web.IndexControllerTest]: IndexControllerTest does not declare any static, non-private, non-final, nested classes annotated with @Configuration.
2022-05-31 16:41:56.652  INFO 18124 --- [    Test worker] .b.t.c.SpringBootTestContextBootstrapper : Found @SpringBootConfiguration com.yechan2468.springboot.Application for test class com.yechan2468.springboot.web.IndexControllerTest
2022-05-31 16:41:56.654  INFO 18124 --- [    Test worker] .b.t.c.SpringBootTestContextBootstrapper : Loaded default TestExecutionListener class names from location [META-INF/spring.factories]: [org.springframework.security.test.context.support.WithSecurityContextTestExecutionListener, org.springframework.security.test.context.support.ReactorContextTestExecutionListener, org.springframework.boot.test.autoconfigure.restdocs.RestDocsTestExecutionListener, org.springframework.boot.test.autoconfigure.web.client.MockRestServiceServerResetTestExecutionListener, org.springframework.boot.test.autoconfigure.web.servlet.MockMvcPrintOnlyOnFailureTestExecutionListener, org.springframework.boot.test.autoconfigure.web.servlet.WebDriverTestExecutionListener, org.springframework.boot.test.mock.mockito.MockitoTestExecutionListener, org.springframework.boot.test.mock.mockito.ResetMocksTestExecutionListener, org.springframework.test.context.web.ServletTestExecutionListener, org.springframework.test.context.support.DirtiesContextBeforeModesTestExecutionListener, org.springframework.test.context.support.DependencyInjectionTestExecutionListener, org.springframework.test.context.support.DirtiesContextTestExecutionListener, org.springframework.test.context.transaction.TransactionalTestExecutionListener, org.springframework.test.context.jdbc.SqlScriptsTestExecutionListener]
2022-05-31 16:41:56.655  INFO 18124 --- [    Test worker] .b.t.c.SpringBootTestContextBootstrapper : Using TestExecutionListeners: [org.springframework.test.context.web.ServletTestExecutionListener@1aa9dbc0, org.springframework.test.context.support.DirtiesContextBeforeModesTestExecutionListener@d191b9d, org.springframework.boot.test.mock.mockito.MockitoTestExecutionListener@495a492, org.springframework.boot.test.autoconfigure.SpringBootDependencyInjectionTestExecutionListener@3f2b09cc, org.springframework.test.context.support.DirtiesContextTestExecutionListener@6b88b232, org.springframework.test.context.transaction.TransactionalTestExecutionListener@2e88892d, org.springframework.test.context.jdbc.SqlScriptsTestExecutionListener@710195a, org.springframework.security.test.context.support.WithSecurityContextTestExecutionListener@6092051d, org.springframework.security.test.context.support.ReactorContextTestExecutionListener@4ea5321f, org.springframework.boot.test.autoconfigure.restdocs.RestDocsTestExecutionListener@248e1b07, org.springframework.boot.test.autoconfigure.web.client.MockRestServiceServerResetTestExecutionListener@23531c05, org.springframework.boot.test.autoconfigure.web.servlet.MockMvcPrintOnlyOnFailureTestExecutionListener@53195f9f, org.springframework.boot.test.autoconfigure.web.servlet.WebDriverTestExecutionListener@344baa29, org.springframework.boot.test.mock.mockito.ResetMocksTestExecutionListener@60c9d984]

  .   ____          _            __ _ _
 /\\ / ___'_ __ _ _(_)_ __  __ _ \ \ \ \
( ( )\___ | '_ | '_| | '_ \/ _` | \ \ \ \
 \\/  ___)| |_)| | | | | || (_| |  ) ) ) )
  '  |____| .__|_| |_|_| |_\__, | / / / /
 =========|_|==============|___/=/_/_/_/
 :: Spring Boot ::        (v2.1.7.RELEASE)

2022-05-31 16:41:56.698  INFO 18124 --- [    Test worker] c.y.springboot.web.IndexControllerTest   : Starting IndexControllerTest on acer with PID 18124 (started by 이예찬 in C:\yechan\code\IdeaProjects\spring-boot-practice)
2022-05-31 16:41:56.699  INFO 18124 --- [    Test worker] c.y.springboot.web.IndexControllerTest   : No active profile set, falling back to default profiles: default
2022-05-31 16:41:56.991  INFO 18124 --- [    Test worker] .s.d.r.c.RepositoryConfigurationDelegate : Bootstrapping Spring Data repositories in DEFAULT mode.
2022-05-31 16:41:57.016  INFO 18124 --- [    Test worker] .s.d.r.c.RepositoryConfigurationDelegate : Finished Spring Data repository scanning in 25ms. Found 2 repository interfaces.
2022-05-31 16:41:57.145  INFO 18124 --- [    Test worker] trationDelegate$BeanPostProcessorChecker : Bean 'org.springframework.transaction.annotation.ProxyTransactionManagementConfiguration' of type [org.springframework.transaction.annotation.ProxyTransactionManagementConfiguration$$EnhancerBySpringCGLIB$$4820345f] is not eligible for getting processed by all BeanPostProcessors (for example: not eligible for auto-proxying)
2022-05-31 16:41:57.467  INFO 18124 --- [    Test worker] o.s.b.w.embedded.tomcat.TomcatWebServer  : Tomcat initialized with port(s): 0 (http)
2022-05-31 16:41:57.507  INFO 18124 --- [    Test worker] o.apache.catalina.core.StandardService   : Starting service [Tomcat]
2022-05-31 16:41:57.507  INFO 18124 --- [    Test worker] org.apache.catalina.core.StandardEngine  : Starting Servlet engine: [Apache Tomcat/9.0.22]
2022-05-31 16:41:57.727  INFO 18124 --- [    Test worker] o.a.c.c.C.[Tomcat].[localhost].[/]       : Initializing Spring embedded WebApplicationContext
2022-05-31 16:41:57.728  INFO 18124 --- [    Test worker] o.s.web.context.ContextLoader            : Root WebApplicationContext: initialization completed in 1024 ms
2022-05-31 16:41:57.961  INFO 18124 --- [    Test worker] com.zaxxer.hikari.HikariDataSource       : HikariPool-2 - Starting...
2022-05-31 16:41:57.963  INFO 18124 --- [    Test worker] com.zaxxer.hikari.HikariDataSource       : HikariPool-2 - Start completed.
2022-05-31 16:41:58.004  INFO 18124 --- [    Test worker] o.hibernate.jpa.internal.util.LogHelper  : HHH000204: Processing PersistenceUnitInfo [
	name: default
	...]
2022-05-31 16:41:58.017  INFO 18124 --- [    Test worker] org.hibernate.dialect.Dialect            : HHH000400: Using dialect: org.hibernate.dialect.MySQL5InnoDBDialect
Hibernate: drop table if exists posts
Hibernate: drop table if exists user
Hibernate: create table posts (id bigint not null auto_increment, created_date datetime, modified_date datetime, author varchar(255), content TEXT not null, title varchar(550) not null, primary key (id)) engine=InnoDB
Hibernate: create table user (id bigint not null auto_increment, created_date datetime, modified_date datetime, email varchar(255) not null, name varchar(255) not null, picture varchar(255), role varchar(255) not null, primary key (id)) engine=InnoDB
2022-05-31 16:41:58.090  INFO 18124 --- [    Test worker] o.h.t.schema.internal.SchemaCreatorImpl  : HHH000476: Executing import script 'org.hibernate.tool.schema.internal.exec.ScriptSourceInputNonExistentImpl@4407452'
2022-05-31 16:41:58.090  INFO 18124 --- [    Test worker] j.LocalContainerEntityManagerFactoryBean : Initialized JPA EntityManagerFactory for persistence unit 'default'
2022-05-31 16:41:58.493  INFO 18124 --- [    Test worker] o.h.h.i.QueryTranslatorFactoryInitiator  : HHH000397: Using ASTQueryTranslatorFactory
2022-05-31 16:41:58.718  INFO 18124 --- [    Test worker] o.s.s.web.DefaultSecurityFilterChain     : Creating filter chain: any request, [org.springframework.security.web.context.request.async.WebAsyncManagerIntegrationFilter@77330d7b, org.springframework.security.web.context.SecurityContextPersistenceFilter@4b4a6ed1, org.springframework.security.web.header.HeaderWriterFilter@c21da80, org.springframework.security.web.authentication.logout.LogoutFilter@205c27e1, org.springframework.security.oauth2.client.web.OAuth2AuthorizationRequestRedirectFilter@6945d433, org.springframework.security.oauth2.client.web.OAuth2LoginAuthenticationFilter@4454b4c0, org.springframework.security.web.authentication.ui.DefaultLoginPageGeneratingFilter@3878ead9, org.springframework.security.web.authentication.ui.DefaultLogoutPageGeneratingFilter@5b0fad9e, org.springframework.security.web.savedrequest.RequestCacheAwareFilter@11f0bda4, org.springframework.security.web.servletapi.SecurityContextHolderAwareRequestFilter@130780c0, org.springframework.security.web.authentication.AnonymousAuthenticationFilter@1cac0e80, org.springframework.security.web.session.SessionManagementFilter@1f768455, org.springframework.security.web.access.ExceptionTranslationFilter@76358aa6, org.springframework.security.web.access.intercept.FilterSecurityInterceptor@26a1462d]
2022-05-31 16:41:59.000  INFO 18124 --- [    Test worker] o.s.s.concurrent.ThreadPoolTaskExecutor  : Initializing ExecutorService 'applicationTaskExecutor'
2022-05-31 16:41:59.021  WARN 18124 --- [    Test worker] aWebConfiguration$JpaWebMvcConfiguration : spring.jpa.open-in-view is enabled by default. Therefore, database queries may be performed during view rendering. Explicitly configure spring.jpa.open-in-view to disable this warning
2022-05-31 16:41:59.083  INFO 18124 --- [    Test worker] o.s.b.a.w.s.WelcomePageHandlerMapping    : Adding welcome page template: index
2022-05-31 16:41:59.442  INFO 18124 --- [    Test worker] s.a.ScheduledAnnotationBeanPostProcessor : No TaskScheduler/ScheduledExecutorService bean found for scheduled processing
2022-05-31 16:41:59.472  INFO 18124 --- [    Test worker] o.s.b.w.embedded.tomcat.TomcatWebServer  : Tomcat started on port(s): 8702 (http) with context path ''
2022-05-31 16:41:59.473  INFO 18124 --- [    Test worker] c.y.springboot.web.IndexControllerTest   : Started IndexControllerTest in 2.816 seconds (JVM running for 13.676)
2022-05-31 16:41:59.593  INFO 18124 --- [o-auto-1-exec-1] o.a.c.c.C.[Tomcat].[localhost].[/]       : Initializing Spring DispatcherServlet 'dispatcherServlet'
2022-05-31 16:41:59.593  INFO 18124 --- [o-auto-1-exec-1] o.s.web.servlet.DispatcherServlet        : Initializing Servlet 'dispatcherServlet'
2022-05-31 16:41:59.626  INFO 18124 --- [o-auto-1-exec-1] o.s.web.servlet.DispatcherServlet        : Completed initialization in 33 ms
Hibernate: select posts0_.id as id1_0_, posts0_.created_date as created_2_0_, posts0_.modified_date as modified3_0_, posts0_.author as author4_0_, posts0_.content as content5_0_, posts0_.title as title6_0_ from posts posts0_ order by posts0_.id DESC
]]></system-out>
  <system-err><![CDATA[]]></system-err>
</testsuite>
