<?xml version="1.0" encoding="UTF-8"?>
<testsuite name="com.yechan2468.springboot.web.PostsApiControllerTest" tests="2" skipped="0" failures="0" errors="0" timestamp="2022-05-31T07:41:59" hostname="acer" time="0.132">
  <properties/>
  <testcase name="update_posts" classname="com.yechan2468.springboot.web.PostsApiControllerTest" time="0.106"/>
  <testcase name="register_posts" classname="com.yechan2468.springboot.web.PostsApiControllerTest" time="0.025"/>
  <system-out><![CDATA[2022-05-31 16:41:59.734  INFO 18124 --- [    Test worker] .b.t.c.SpringBootTestContextBootstrapper : Neither @ContextConfiguration nor @ContextHierarchy found for test class [com.yechan2468.springboot.web.PostsApiControllerTest], using SpringBootContextLoader
2022-05-31 16:41:59.735  INFO 18124 --- [    Test worker] o.s.t.c.support.AbstractContextLoader    : Could not detect default resource locations for test class [com.yechan2468.springboot.web.PostsApiControllerTest]: no resource found for suffixes {-context.xml, Context.groovy}.
2022-05-31 16:41:59.735  INFO 18124 --- [    Test worker] t.c.s.AnnotationConfigContextLoaderUtils : Could not detect default configuration classes for test class [com.yechan2468.springboot.web.PostsApiControllerTest]: PostsApiControllerTest does not declare any static, non-private, non-final, nested classes annotated with @Configuration.
2022-05-31 16:41:59.738  INFO 18124 --- [    Test worker] .b.t.c.SpringBootTestContextBootstrapper : Found @SpringBootConfiguration com.yechan2468.springboot.Application for test class com.yechan2468.springboot.web.PostsApiControllerTest
2022-05-31 16:41:59.740  INFO 18124 --- [    Test worker] .b.t.c.SpringBootTestContextBootstrapper : Loaded default TestExecutionListener class names from location [META-INF/spring.factories]: [org.springframework.security.test.context.support.WithSecurityContextTestExecutionListener, org.springframework.security.test.context.support.ReactorContextTestExecutionListener, org.springframework.boot.test.autoconfigure.restdocs.RestDocsTestExecutionListener, org.springframework.boot.test.autoconfigure.web.client.MockRestServiceServerResetTestExecutionListener, org.springframework.boot.test.autoconfigure.web.servlet.MockMvcPrintOnlyOnFailureTestExecutionListener, org.springframework.boot.test.autoconfigure.web.servlet.WebDriverTestExecutionListener, org.springframework.boot.test.mock.mockito.MockitoTestExecutionListener, org.springframework.boot.test.mock.mockito.ResetMocksTestExecutionListener, org.springframework.test.context.web.ServletTestExecutionListener, org.springframework.test.context.support.DirtiesContextBeforeModesTestExecutionListener, org.springframework.test.context.support.DependencyInjectionTestExecutionListener, org.springframework.test.context.support.DirtiesContextTestExecutionListener, org.springframework.test.context.transaction.TransactionalTestExecutionListener, org.springframework.test.context.jdbc.SqlScriptsTestExecutionListener]
2022-05-31 16:41:59.741  INFO 18124 --- [    Test worker] .b.t.c.SpringBootTestContextBootstrapper : Using TestExecutionListeners: [org.springframework.test.context.web.ServletTestExecutionListener@f63bf43, org.springframework.test.context.support.DirtiesContextBeforeModesTestExecutionListener@66ecee4b, org.springframework.boot.test.mock.mockito.MockitoTestExecutionListener@2074cc64, org.springframework.boot.test.autoconfigure.SpringBootDependencyInjectionTestExecutionListener@1dac990c, org.springframework.test.context.support.DirtiesContextTestExecutionListener@f27b45d, org.springframework.test.context.transaction.TransactionalTestExecutionListener@e388d44, org.springframework.test.context.jdbc.SqlScriptsTestExecutionListener@829770b, org.springframework.security.test.context.support.WithSecurityContextTestExecutionListener@71b4ebfb, org.springframework.security.test.context.support.ReactorContextTestExecutionListener@43832ccc, org.springframework.boot.test.autoconfigure.restdocs.RestDocsTestExecutionListener@91bdb55, org.springframework.boot.test.autoconfigure.web.client.MockRestServiceServerResetTestExecutionListener@4ac97452, org.springframework.boot.test.autoconfigure.web.servlet.MockMvcPrintOnlyOnFailureTestExecutionListener@1c74b5c3, org.springframework.boot.test.autoconfigure.web.servlet.WebDriverTestExecutionListener@46cb0fcd, org.springframework.boot.test.mock.mockito.ResetMocksTestExecutionListener@115da532]
2022-05-31 16:41:59.752  INFO 18124 --- [    Test worker] o.a.c.c.C.[Tomcat].[localhost].[/]       : Initializing Spring TestDispatcherServlet ''
2022-05-31 16:41:59.752  INFO 18124 --- [    Test worker] o.s.t.web.servlet.TestDispatcherServlet  : Initializing Servlet ''
2022-05-31 16:41:59.755  INFO 18124 --- [    Test worker] o.s.t.web.servlet.TestDispatcherServlet  : Completed initialization in 3 ms
Hibernate: insert into posts (created_date, modified_date, author, content, title) values (?, ?, ?, ?, ?)
Hibernate: select posts0_.id as id1_0_0_, posts0_.created_date as created_2_0_0_, posts0_.modified_date as modified3_0_0_, posts0_.author as author4_0_0_, posts0_.content as content5_0_0_, posts0_.title as title6_0_0_ from posts posts0_ where posts0_.id=?
Hibernate: update posts set created_date=?, modified_date=?, author=?, content=?, title=? where id=?
Hibernate: select posts0_.id as id1_0_, posts0_.created_date as created_2_0_, posts0_.modified_date as modified3_0_, posts0_.author as author4_0_, posts0_.content as content5_0_, posts0_.title as title6_0_ from posts posts0_
Hibernate: select posts0_.id as id1_0_, posts0_.created_date as created_2_0_, posts0_.modified_date as modified3_0_, posts0_.author as author4_0_, posts0_.content as content5_0_, posts0_.title as title6_0_ from posts posts0_
Hibernate: delete from posts where id=?
2022-05-31 16:41:59.856  INFO 18124 --- [    Test worker] o.a.c.c.C.[Tomcat].[localhost].[/]       : Initializing Spring TestDispatcherServlet ''
2022-05-31 16:41:59.856  INFO 18124 --- [    Test worker] o.s.t.web.servlet.TestDispatcherServlet  : Initializing Servlet ''
2022-05-31 16:41:59.860  INFO 18124 --- [    Test worker] o.s.t.web.servlet.TestDispatcherServlet  : Completed initialization in 4 ms
Hibernate: insert into posts (created_date, modified_date, author, content, title) values (?, ?, ?, ?, ?)
Hibernate: select posts0_.id as id1_0_, posts0_.created_date as created_2_0_, posts0_.modified_date as modified3_0_, posts0_.author as author4_0_, posts0_.content as content5_0_, posts0_.title as title6_0_ from posts posts0_
Hibernate: select posts0_.id as id1_0_, posts0_.created_date as created_2_0_, posts0_.modified_date as modified3_0_, posts0_.author as author4_0_, posts0_.content as content5_0_, posts0_.title as title6_0_ from posts posts0_
Hibernate: delete from posts where id=?
]]></system-out>
  <system-err><![CDATA[]]></system-err>
</testsuite>
